<?xml version="1.0" encoding="UTF-8"?>
<!-- Generated by org.testng.reporters.JUnitReportReporter -->
<testsuite hostname="C21OC09PF2KS3DD" failures="0" tests="1" name="javaBasic.PromedioCalificaciones" time="16.360" errors="0" timestamp="2022-02-26T10:41:49 CST" skipped="0">
  <testcase classname="javaBasic.PromedioCalificaciones" name="calcularPromedioPorTeclado" time="16.360"/>
  <system-out>
    <![CDATA[Ingresa Calificacion1
Ingresa la calificacion2
Ingresa Calificacion1
Ingresa la calificacion2
El promedio de las calificaciones es: 70.0]]>
  </system-out>
</testsuite> <!-- javaBasic.PromedioCalificaciones -->
