<?xml version="1.0" encoding="UTF-8"?>
<!-- Generated by org.testng.reporters.JUnitReportReporter -->
<testsuite hostname="C21OC09PF2KS3DD" failures="0" tests="3" name="javaBasic.HolaMundo" time="0.022" errors="0" timestamp="2022-02-26T11:14:20 CST" skipped="0">
  <testcase classname="javaBasic.HolaMundo" name="typeOfVariables" time="0.013"/>
  <system-out>
    <![CDATA[El valor de la variable: 10
 El valor de la sumatoria: 20]]>
  </system-out>
  <testcase classname="javaBasic.HolaMundo" name="showConsole" time="0.003"/>
  <system-out>
    <![CDATA[Hola mundo
La sumatoria es: 21]]>
  </system-out>
  <testcase classname="javaBasic.HolaMundo" name="sumatoriaDeDosNumeros" time="0.006"/>
  <system-out>
    <![CDATA[El resultado de la suma es: 109.0
El resultado de la resta es: -89.0
El resultado de la Multiplicacion es: 990.0
El resultado de la division es: 0.0
El resultado del residuo es: 10.0]]>
  </system-out>
</testsuite> <!-- javaBasic.HolaMundo -->
